Build started 07/12/2013 18:57:48.
     1>Project "D:\Github\Tilde++\Tilde++\Ship\Ship.vcxproj" on node 2 (Build target(s)).
     1>ClCompile:
         C:\Program Files (x86)\Microsoft Visual Studio 11.0\VC\bin\CL.exe /c /ZI /nologo /W3 /WX- /sdl /Od /Oy- /D WIN32 /D _DEBUG /D _WINDOWS /D _USRDLL /D SHIP_EXPORTS /D _WINDLL /D _UNICODE /D UNICODE /Gm /EHsc /RTC1 /MDd /GS /fp:precise /Zc:wchar_t /Zc:forScope /Yc"stdafx.h" /Fp"Debug\Ship.pch" /Fo"Debug\\" /Fd"Debug\vc110.pdb" /Gd /TP /analyze- /errorReport:prompt stdafx.cpp
         stdafx.cpp
         C:\Program Files (x86)\Microsoft Visual Studio 11.0\VC\bin\CL.exe /c /ZI /nologo /W3 /WX- /sdl /Od /Oy- /D WIN32 /D _DEBUG /D _WINDOWS /D _USRDLL /D SHIP_EXPORTS /D _WINDLL /D _UNICODE /D UNICODE /Gm /EHsc /RTC1 /MDd /GS /fp:precise /Zc:wchar_t /Zc:forScope /Yu"stdafx.h" /Fp"Debug\Ship.pch" /Fo"Debug\\" /Fd"Debug\vc110.pdb" /Gd /TP /analyze- /errorReport:prompt Config.cpp Ship.cpp Tiling.cpp
         Tiling.cpp
         Ship.cpp
         Config.cpp
         Generating Code...
         C:\Program Files (x86)\Microsoft Visual Studio 11.0\VC\bin\CL.exe /c /ZI /nologo /W3 /WX- /sdl /Od /Oy- /D WIN32 /D _DEBUG /D _WINDOWS /D _USRDLL /D SHIP_EXPORTS /D _WINDLL /D _UNICODE /D UNICODE /Gm /EHsc /RTC1 /MDd /GS /fp:precise /Zc:wchar_t /Zc:forScope /Fo"Debug\\" /Fd"Debug\vc110.pdb" /Gd /TP /analyze- /errorReport:prompt dllmain.cpp
         dllmain.cpp
       Link:
         C:\Program Files (x86)\Microsoft Visual Studio 11.0\VC\bin\link.exe /ERRORREPORT:PROMPT /OUT:"D:\Github\Tilde++\Tilde++\Debug\Ship.dll" /INCREMENTAL /NOLOGO kernel32.lib user32.lib gdi32.lib winspool.lib comdlg32.lib advapi32.lib shell32.lib ole32.lib oleaut32.lib uuid.lib odbc32.lib odbccp32.lib /MANIFEST /MANIFESTUAC:"level='asInvoker' uiAccess='false'" /manifest:embed /DEBUG /PDB:"D:\Github\Tilde++\Tilde++\Debug\Ship.pdb" /SUBSYSTEM:WINDOWS /TLBID:1 /DYNAMICBASE /NXCOMPAT /IMPLIB:"D:\Github\Tilde++\Tilde++\Debug\Ship.lib" /MACHINE:X86 /DLL Debug\Config.obj
         Debug\dllmain.obj
         Debug\Ship.obj
         Debug\stdafx.obj
         Debug\Tiling.obj
     1>Tiling.obj : error LNK2001: unresolved external symbol "class std::vector<struct HWND__ *,class std::allocator<struct HWND__ *> > WindowArray" (?WindowArray@@3V?$vector@PAUHWND__@@V?$allocator@PAUHWND__@@@std@@@std@@A)
     1>Tiling.obj : error LNK2001: unresolved external symbol "int numWindows" (?numWindows@@3HA)
     1>D:\Github\Tilde++\Tilde++\Debug\Ship.dll : fatal error LNK1120: 2 unresolved externals
     1>Done Building Project "D:\Github\Tilde++\Tilde++\Ship\Ship.vcxproj" (Build target(s)) -- FAILED.

Build FAILED.

Time Elapsed 00:00:03.55
