D:\GITHUB\TILDE++\TILDE++\EQUALITY\X64\RELEASE\UPDATE.OBJ
D:\GITHUB\TILDE++\TILDE++\EQUALITY\X64\RELEASE\TILING.OBJ
D:\GITHUB\TILDE++\TILDE++\EQUALITY\X64\RELEASE\MONITOR.OBJ
D:\GITHUB\TILDE++\TILDE++\EQUALITY\X64\RELEASE\EQUALITY.OBJ
D:\GITHUB\TILDE++\TILDE++\EQUALITY\X64\RELEASE\CONFIG.OBJ
D:\GITHUB\TILDE++\TILDE++\EQUALITY\X64\RELEASE\VC110.PDB
D:\GITHUB\TILDE++\TILDE++\EQUALITY\X64\RELEASE\EQUALITY.PCH
D:\GITHUB\TILDE++\TILDE++\EQUALITY\X64\RELEASE\STDAFX.OBJ
D:\GITHUB\TILDE++\TILDE++\EQUALITY\X64\RELEASE\DLLMAIN.OBJ
D:\Github\Tilde++\Tilde++\x64\Release\Equality.lib
D:\Github\Tilde++\Tilde++\x64\Release\Equality.exp
D:\GITHUB\TILDE++\TILDE++\X64\RELEASE\EQUALITY.DLL
D:\GITHUB\TILDE++\TILDE++\X64\RELEASE\EQUALITY.PDB
D:\Github\Tilde++\Tilde++\Equality\x64\Release\Config.obj
D:\Github\Tilde++\Tilde++\Equality\x64\Release\dllmain.obj
D:\Github\Tilde++\Tilde++\Equality\x64\Release\Equality.obj
D:\Github\Tilde++\Tilde++\Equality\x64\Release\Monitor.obj
D:\Github\Tilde++\Tilde++\Equality\x64\Release\stdafx.obj
D:\Github\Tilde++\Tilde++\Equality\x64\Release\Tiling.obj
D:\Github\Tilde++\Tilde++\Equality\x64\Release\Update.obj
D:\Github\Tilde++\Tilde++\Equality\x64\Release\cl.command.1.tlog
D:\Github\Tilde++\Tilde++\Equality\x64\Release\CL.read.1.tlog
D:\Github\Tilde++\Tilde++\Equality\x64\Release\CL.write.1.tlog
D:\Github\Tilde++\Tilde++\Equality\x64\Release\Equality.write.1.tlog
D:\Github\Tilde++\Tilde++\Equality\x64\Release\link-cvtres.read.1.tlog
D:\Github\Tilde++\Tilde++\Equality\x64\Release\link-cvtres.write.1.tlog
D:\Github\Tilde++\Tilde++\Equality\x64\Release\link-rc.read.1.tlog
D:\Github\Tilde++\Tilde++\Equality\x64\Release\link-rc.write.1.tlog
D:\Github\Tilde++\Tilde++\Equality\x64\Release\link.command.1.tlog
D:\Github\Tilde++\Tilde++\Equality\x64\Release\link.read.1.tlog
D:\Github\Tilde++\Tilde++\Equality\x64\Release\link.write.1.tlog
D:\Github\Tilde++\Tilde++\Equality\x64\Release\Equality.pch
D:\Github\Tilde++\Tilde++\Equality\x64\Release\vc110.pdb
D:\Github\Tilde++\Tilde++\x64\Release\Equality.pdb
D:\Github\Tilde++\Tilde++\x64\Release\Equality.dll
