Build started 01/02/2014 22:39:03.
     1>Project "D:\Github\Tilde++\Tilde++\Equality\Equality.vcxproj" on node 2 (Rebuild target(s)).
     1>ClCompile:
         C:\Program Files (x86)\Microsoft Visual Studio 11.0\VC\bin\x86_amd64\CL.exe /c /I../Libde++ /Zi /nologo /W3 /WX- /sdl /O2 /Oi /GL /D WIN32 /D NDEBUG /D _WINDOWS /D _USRDLL /D EQUALITY_EXPORTS /D _WINDLL /D _UNICODE /D UNICODE /Gm- /EHsc /MD /GS /Gy /fp:precise /Zc:wchar_t /Zc:forScope /Yc"stdafx.h" /Fp"x64\Release\Equality.pch" /Fo"x64\Release\\" /Fd"x64\Release\vc110.pdb" /Gd /TP /errorReport:prompt stdafx.cpp
         stdafx.cpp
         C:\Program Files (x86)\Microsoft Visual Studio 11.0\VC\bin\x86_amd64\CL.exe /c /I../Libde++ /Zi /nologo /W3 /WX- /sdl /O2 /Oi /GL /D WIN32 /D NDEBUG /D _WINDOWS /D _USRDLL /D EQUALITY_EXPORTS /D _WINDLL /D _UNICODE /D UNICODE /Gm- /EHsc /MD /GS /Gy /fp:precise /Zc:wchar_t /Zc:forScope /Fo"x64\Release\\" /Fd"x64\Release\vc110.pdb" /Gd /TP /errorReport:prompt dllmain.cpp
         dllmain.cpp
         C:\Program Files (x86)\Microsoft Visual Studio 11.0\VC\bin\x86_amd64\CL.exe /c /I../Libde++ /Zi /nologo /W3 /WX- /sdl /O2 /Oi /GL /D WIN32 /D NDEBUG /D _WINDOWS /D _USRDLL /D EQUALITY_EXPORTS /D _WINDLL /D _UNICODE /D UNICODE /Gm- /EHsc /MD /GS /Gy /fp:precise /Zc:wchar_t /Zc:forScope /Yu"stdafx.h" /Fp"x64\Release\Equality.pch" /Fo"x64\Release\\" /Fd"x64\Release\vc110.pdb" /Gd /TP /errorReport:prompt Equality.cpp Tiling.cpp Update.cpp
         Equality.cpp
         Tiling.cpp
     1>Tiling.cpp(19): warning C4244: '=' : conversion from 'double' to 'int', possible loss of data
     1>Tiling.cpp(23): warning C4244: '=' : conversion from 'double' to 'int', possible loss of data
     1>Tiling.cpp(25): warning C4244: '=' : conversion from 'double' to 'int', possible loss of data
         Update.cpp
     1>Update.cpp(179): warning C4267: '=' : conversion from 'size_t' to 'int', possible loss of data
       Link:
         C:\Program Files (x86)\Microsoft Visual Studio 11.0\VC\bin\x86_amd64\link.exe /ERRORREPORT:PROMPT /OUT:"D:\Github\Tilde++\Tilde++\x64\Release\Equality.dll" /INCREMENTAL:NO /NOLOGO ../x64/Release/Libde++.lib kernel32.lib user32.lib gdi32.lib winspool.lib comdlg32.lib advapi32.lib shell32.lib ole32.lib oleaut32.lib uuid.lib odbc32.lib odbccp32.lib kernel32.lib user32.lib gdi32.lib winspool.lib comdlg32.lib advapi32.lib shell32.lib ole32.lib oleaut32.lib uuid.lib odbc32.lib odbccp32.lib /MANIFEST /MANIFESTUAC:"level='asInvoker' uiAccess='false'" /manifest:embed /DEBUG /PDB:"D:\Github\Tilde++\Tilde++\x64\Release\Equality.pdb" /SUBSYSTEM:WINDOWS /OPT:REF /OPT:ICF /LTCG /TLBID:1 /DYNAMICBASE /NXCOMPAT /IMPLIB:"D:\Github\Tilde++\Tilde++\x64\Release\Equality.lib" /MACHINE:X64 /DLL x64\Release\dllmain.obj
         x64\Release\Equality.obj
         x64\Release\stdafx.obj
         x64\Release\Tiling.obj
         x64\Release\Update.obj
            Creating library D:\Github\Tilde++\Tilde++\x64\Release\Equality.lib and object D:\Github\Tilde++\Tilde++\x64\Release\Equality.exp
         Generating code
         Finished generating code
         Equality.vcxproj -> D:\Github\Tilde++\Tilde++\x64\Release\Equality.dll
     1>Done Building Project "D:\Github\Tilde++\Tilde++\Equality\Equality.vcxproj" (Rebuild target(s)).

Build succeeded.

Time Elapsed 00:00:03.63
