Build started 01/02/2014 22:38:02.
     1>Project "D:\Github\Tilde++\Tilde++\Libde++\Libde++.vcxproj" on node 2 (Rebuild target(s)).
     1>ClCompile:
         C:\Program Files (x86)\Microsoft Visual Studio 11.0\VC\bin\x86_amd64\CL.exe /c /Zi /nologo /W3 /WX- /sdl /Od /D DEBUGENABLED /D WIN32 /D _DEBUG /D _LIB /D _WINDLL /D _UNICODE /D UNICODE /Gm /EHsc /RTC1 /MDd /GS /fp:precise /Zc:wchar_t /Zc:forScope /Yc"stdafx.h" /Fp"x64\Debug\Libde++.pch" /Fo"x64\Debug\\" /Fd"x64\Debug\vc110.pdb" /Gd /TP /errorReport:prompt stdafx.cpp
         stdafx.cpp
         C:\Program Files (x86)\Microsoft Visual Studio 11.0\VC\bin\x86_amd64\CL.exe /c /Zi /nologo /W3 /WX- /sdl /Od /D DEBUGENABLED /D WIN32 /D _DEBUG /D _LIB /D _WINDLL /D _UNICODE /D UNICODE /Gm /EHsc /RTC1 /MDd /GS /fp:precise /Zc:wchar_t /Zc:forScope /Yu"stdafx.h" /Fp"x64\Debug\Libde++.pch" /Fo"x64\Debug\\" /Fd"x64\Debug\vc110.pdb" /Gd /TP /errorReport:prompt Config.cpp dllmain.cpp Monitor.cpp Window.cpp
         Window.cpp
         Monitor.cpp
         dllmain.cpp
         Config.cpp
         Generating Code...
       Link:
         C:\Program Files (x86)\Microsoft Visual Studio 11.0\VC\bin\x86_amd64\link.exe /ERRORREPORT:PROMPT /OUT:"D:\Github\Tilde++\Tilde++\x64\Debug\Libde++.dll" /INCREMENTAL /NOLOGO kernel32.lib user32.lib gdi32.lib winspool.lib comdlg32.lib advapi32.lib shell32.lib ole32.lib oleaut32.lib uuid.lib odbc32.lib odbccp32.lib /MANIFEST /MANIFESTUAC:"level='asInvoker' uiAccess='false'" /manifest:embed /DEBUG /PDB:"D:\Github\Tilde++\Tilde++\x64\Debug\Libde++.pdb" /SUBSYSTEM:WINDOWS /TLBID:1 /DYNAMICBASE /NXCOMPAT /IMPLIB:"D:\Github\Tilde++\Tilde++\x64\Debug\Libde++.lib" /MACHINE:X64 /DLL x64\Debug\Config.obj
         x64\Debug\dllmain.obj
         x64\Debug\Monitor.obj
         x64\Debug\stdafx.obj
         x64\Debug\Window.obj
            Creating library D:\Github\Tilde++\Tilde++\x64\Debug\Libde++.lib and object D:\Github\Tilde++\Tilde++\x64\Debug\Libde++.exp
         Libde++.vcxproj -> D:\Github\Tilde++\Tilde++\x64\Debug\Libde++.dll
     1>Done Building Project "D:\Github\Tilde++\Tilde++\Libde++\Libde++.vcxproj" (Rebuild target(s)).

Build succeeded.

Time Elapsed 00:00:02.74
