D:\GITHUB\TILDE++\TILDE++\LIBDE++\X64\DEBUG\LIBDE++.PCH.CODEANALYSIS
D:\GITHUB\TILDE++\TILDE++\LIBDE++\X64\DEBUG\LIBDE++.PCH.CODEANALYSISAST
D:\GITHUB\TILDE++\TILDE++\LIBDE++\X64\DEBUG\STDAFX.CPP.NATIVECODEANALYSIS.XML
D:\GITHUB\TILDE++\TILDE++\LIBDE++\X64\DEBUG\STDAFX.OBJ
D:\GITHUB\TILDE++\TILDE++\LIBDE++\X64\DEBUG\VC110.PDB
D:\GITHUB\TILDE++\TILDE++\LIBDE++\X64\DEBUG\CONFIG.CPP.NATIVECODEANALYSIS.XML
D:\GITHUB\TILDE++\TILDE++\LIBDE++\X64\DEBUG\CONFIG.OBJ
D:\GITHUB\TILDE++\TILDE++\LIBDE++\X64\DEBUG\DLLMAIN.CPP.NATIVECODEANALYSIS.XML
D:\GITHUB\TILDE++\TILDE++\LIBDE++\X64\DEBUG\DLLMAIN.OBJ
D:\GITHUB\TILDE++\TILDE++\LIBDE++\X64\DEBUG\MONITOR.CPP.NATIVECODEANALYSIS.XML
D:\GITHUB\TILDE++\TILDE++\LIBDE++\X64\DEBUG\MONITOR.OBJ
D:\GITHUB\TILDE++\TILDE++\LIBDE++\X64\DEBUG\WINDOW.CPP.NATIVECODEANALYSIS.XML
D:\GITHUB\TILDE++\TILDE++\LIBDE++\X64\DEBUG\WINDOW.OBJ
D:\Github\Tilde++\Tilde++\x64\Debug\Libde++.lib
D:\Github\Tilde++\Tilde++\x64\Debug\Libde++.exp
D:\GITHUB\TILDE++\TILDE++\X64\DEBUG\LIBDE++.ILK
D:\GITHUB\TILDE++\TILDE++\X64\DEBUG\LIBDE++.DLL
D:\GITHUB\TILDE++\TILDE++\X64\DEBUG\LIBDE++.PDB
D:\Github\Tilde++\Tilde++\Libde++\x64\Debug\Config.obj
D:\Github\Tilde++\Tilde++\Libde++\x64\Debug\dllmain.obj
D:\Github\Tilde++\Tilde++\Libde++\x64\Debug\Monitor.obj
D:\Github\Tilde++\Tilde++\Libde++\x64\Debug\stdafx.obj
D:\Github\Tilde++\Tilde++\Libde++\x64\Debug\Window.obj
D:\Github\Tilde++\Tilde++\Libde++\x64\Debug\cl.command.1.tlog
D:\Github\Tilde++\Tilde++\Libde++\x64\Debug\CL.read.1.tlog
D:\Github\Tilde++\Tilde++\Libde++\x64\Debug\CL.write.1.tlog
D:\Github\Tilde++\Tilde++\Libde++\x64\Debug\Libde++.write.1.tlog
D:\Github\Tilde++\Tilde++\Libde++\x64\Debug\link-cvtres.read.1.tlog
D:\Github\Tilde++\Tilde++\Libde++\x64\Debug\link-cvtres.write.1.tlog
D:\Github\Tilde++\Tilde++\Libde++\x64\Debug\link-rc.read.1.tlog
D:\Github\Tilde++\Tilde++\Libde++\x64\Debug\link-rc.write.1.tlog
D:\Github\Tilde++\Tilde++\Libde++\x64\Debug\link.command.1.tlog
D:\Github\Tilde++\Tilde++\Libde++\x64\Debug\link.read.1.tlog
D:\Github\Tilde++\Tilde++\Libde++\x64\Debug\link.write.1.tlog
D:\Github\Tilde++\Tilde++\Libde++\x64\Debug\NativeCodeAnalysis.read.1.tlog
D:\Github\Tilde++\Tilde++\Libde++\x64\Debug\vc110.idb
D:\Github\Tilde++\Tilde++\Libde++\x64\Debug\vc110.pdb
D:\Github\Tilde++\Tilde++\Libde++\x64\Debug\Config.cpp.nativecodeanalysis.xml
D:\Github\Tilde++\Tilde++\Libde++\x64\Debug\dllmain.cpp.nativecodeanalysis.xml
D:\Github\Tilde++\Tilde++\Libde++\x64\Debug\Monitor.cpp.nativecodeanalysis.xml
D:\Github\Tilde++\Tilde++\Libde++\x64\Debug\stdafx.cpp.nativecodeanalysis.xml
D:\Github\Tilde++\Tilde++\Libde++\x64\Debug\vc.nativecodeanalysis.all.xml
D:\Github\Tilde++\Tilde++\Libde++\x64\Debug\Window.cpp.nativecodeanalysis.xml
D:\Github\Tilde++\Tilde++\x64\Debug\Libde++.pdb
D:\Github\Tilde++\Tilde++\x64\Debug\Libde++.dll
D:\Github\Tilde++\Tilde++\x64\Debug\Libde++.ilk
D:\Github\Tilde++\Tilde++\x64\Debug\Libde++.dll.lastcodeanalysissucceeded
