D:\GITHUB\TILDE++\TILDE++\TILDE++\X64\DEBUG\MAIN.OBJ
D:\GITHUB\TILDE++\TILDE++\TILDE++\X64\DEBUG\MONITOR.OBJ
D:\GITHUB\TILDE++\TILDE++\TILDE++\X64\DEBUG\TILDEPLUSPLUS.OBJ
D:\GITHUB\TILDE++\TILDE++\TILDE++\X64\DEBUG\WINDOW.OBJ
D:\GITHUB\TILDE++\TILDE++\TILDE++\X64\DEBUG\VC110.PDB
D:\Github\Tilde++\Tilde++\x64\Debug\Tilde++.lib
D:\Github\Tilde++\Tilde++\x64\Debug\Tilde++.exp
D:\Github\Tilde++\Tilde++\Tilde++\x64\Debug\main.obj
D:\Github\Tilde++\Tilde++\Tilde++\x64\Debug\Monitor.obj
D:\Github\Tilde++\Tilde++\Tilde++\x64\Debug\TildePlusPlus.obj
D:\Github\Tilde++\Tilde++\Tilde++\x64\Debug\Window.obj
D:\Github\Tilde++\Tilde++\Tilde++\x64\Debug\cl.command.1.tlog
D:\Github\Tilde++\Tilde++\Tilde++\x64\Debug\CL.read.1.tlog
D:\Github\Tilde++\Tilde++\Tilde++\x64\Debug\CL.write.1.tlog
D:\Github\Tilde++\Tilde++\Tilde++\x64\Debug\link-cvtres.read.1.tlog
D:\Github\Tilde++\Tilde++\Tilde++\x64\Debug\link-cvtres.write.1.tlog
D:\Github\Tilde++\Tilde++\Tilde++\x64\Debug\link-rc.read.1.tlog
D:\Github\Tilde++\Tilde++\Tilde++\x64\Debug\link-rc.write.1.tlog
D:\Github\Tilde++\Tilde++\Tilde++\x64\Debug\link.1324-cvtres.read.1.tlog
D:\Github\Tilde++\Tilde++\Tilde++\x64\Debug\link.1324-cvtres.write.1.tlog
D:\Github\Tilde++\Tilde++\Tilde++\x64\Debug\link.1324-rc.read.1.tlog
D:\Github\Tilde++\Tilde++\Tilde++\x64\Debug\link.1324-rc.write.1.tlog
D:\Github\Tilde++\Tilde++\Tilde++\x64\Debug\link.1324.read.1.tlog
D:\Github\Tilde++\Tilde++\Tilde++\x64\Debug\link.1324.write.1.tlog
D:\Github\Tilde++\Tilde++\Tilde++\x64\Debug\link.2496-cvtres.read.1.tlog
D:\Github\Tilde++\Tilde++\Tilde++\x64\Debug\link.2496-cvtres.write.1.tlog
D:\Github\Tilde++\Tilde++\Tilde++\x64\Debug\link.2496-rc.read.1.tlog
D:\Github\Tilde++\Tilde++\Tilde++\x64\Debug\link.2496-rc.write.1.tlog
D:\Github\Tilde++\Tilde++\Tilde++\x64\Debug\link.2496.read.1.tlog
D:\Github\Tilde++\Tilde++\Tilde++\x64\Debug\link.2496.write.1.tlog
D:\Github\Tilde++\Tilde++\Tilde++\x64\Debug\link.2632-cvtres.read.1.tlog
D:\Github\Tilde++\Tilde++\Tilde++\x64\Debug\link.2632-cvtres.write.1.tlog
D:\Github\Tilde++\Tilde++\Tilde++\x64\Debug\link.2632-rc.read.1.tlog
D:\Github\Tilde++\Tilde++\Tilde++\x64\Debug\link.2632-rc.write.1.tlog
D:\Github\Tilde++\Tilde++\Tilde++\x64\Debug\link.2632.read.1.tlog
D:\Github\Tilde++\Tilde++\Tilde++\x64\Debug\link.2632.write.1.tlog
D:\Github\Tilde++\Tilde++\Tilde++\x64\Debug\link.3008-cvtres.read.1.tlog
D:\Github\Tilde++\Tilde++\Tilde++\x64\Debug\link.3008-cvtres.write.1.tlog
D:\Github\Tilde++\Tilde++\Tilde++\x64\Debug\link.3008-rc.read.1.tlog
D:\Github\Tilde++\Tilde++\Tilde++\x64\Debug\link.3008-rc.write.1.tlog
D:\Github\Tilde++\Tilde++\Tilde++\x64\Debug\link.3008.read.1.tlog
D:\Github\Tilde++\Tilde++\Tilde++\x64\Debug\link.3008.write.1.tlog
D:\Github\Tilde++\Tilde++\Tilde++\x64\Debug\link.3596-cvtres.read.1.tlog
D:\Github\Tilde++\Tilde++\Tilde++\x64\Debug\link.3596-cvtres.write.1.tlog
D:\Github\Tilde++\Tilde++\Tilde++\x64\Debug\link.3596-rc.read.1.tlog
D:\Github\Tilde++\Tilde++\Tilde++\x64\Debug\link.3596-rc.write.1.tlog
D:\Github\Tilde++\Tilde++\Tilde++\x64\Debug\link.3596.read.1.tlog
D:\Github\Tilde++\Tilde++\Tilde++\x64\Debug\link.3596.write.1.tlog
D:\Github\Tilde++\Tilde++\Tilde++\x64\Debug\link.3656-cvtres.read.1.tlog
D:\Github\Tilde++\Tilde++\Tilde++\x64\Debug\link.3656-cvtres.write.1.tlog
D:\Github\Tilde++\Tilde++\Tilde++\x64\Debug\link.3656-rc.read.1.tlog
D:\Github\Tilde++\Tilde++\Tilde++\x64\Debug\link.3656-rc.write.1.tlog
D:\Github\Tilde++\Tilde++\Tilde++\x64\Debug\link.3656.read.1.tlog
D:\Github\Tilde++\Tilde++\Tilde++\x64\Debug\link.3656.write.1.tlog
D:\Github\Tilde++\Tilde++\Tilde++\x64\Debug\link.3708-cvtres.read.1.tlog
D:\Github\Tilde++\Tilde++\Tilde++\x64\Debug\link.3708-cvtres.write.1.tlog
D:\Github\Tilde++\Tilde++\Tilde++\x64\Debug\link.3708-rc.read.1.tlog
D:\Github\Tilde++\Tilde++\Tilde++\x64\Debug\link.3708-rc.write.1.tlog
D:\Github\Tilde++\Tilde++\Tilde++\x64\Debug\link.3708.read.1.tlog
D:\Github\Tilde++\Tilde++\Tilde++\x64\Debug\link.3708.write.1.tlog
D:\Github\Tilde++\Tilde++\Tilde++\x64\Debug\link.3736-cvtres.read.1.tlog
D:\Github\Tilde++\Tilde++\Tilde++\x64\Debug\link.3736-cvtres.write.1.tlog
D:\Github\Tilde++\Tilde++\Tilde++\x64\Debug\link.3736-rc.read.1.tlog
D:\Github\Tilde++\Tilde++\Tilde++\x64\Debug\link.3736-rc.write.1.tlog
D:\Github\Tilde++\Tilde++\Tilde++\x64\Debug\link.3736.read.1.tlog
D:\Github\Tilde++\Tilde++\Tilde++\x64\Debug\link.3736.write.1.tlog
D:\Github\Tilde++\Tilde++\Tilde++\x64\Debug\link.4356-cvtres.read.1.tlog
D:\Github\Tilde++\Tilde++\Tilde++\x64\Debug\link.4356-cvtres.write.1.tlog
D:\Github\Tilde++\Tilde++\Tilde++\x64\Debug\link.4356-rc.read.1.tlog
D:\Github\Tilde++\Tilde++\Tilde++\x64\Debug\link.4356-rc.write.1.tlog
D:\Github\Tilde++\Tilde++\Tilde++\x64\Debug\link.4356.read.1.tlog
D:\Github\Tilde++\Tilde++\Tilde++\x64\Debug\link.4356.write.1.tlog
D:\Github\Tilde++\Tilde++\Tilde++\x64\Debug\link.4552-cvtres.read.1.tlog
D:\Github\Tilde++\Tilde++\Tilde++\x64\Debug\link.4552-cvtres.write.1.tlog
D:\Github\Tilde++\Tilde++\Tilde++\x64\Debug\link.4552-rc.read.1.tlog
D:\Github\Tilde++\Tilde++\Tilde++\x64\Debug\link.4552-rc.write.1.tlog
D:\Github\Tilde++\Tilde++\Tilde++\x64\Debug\link.4552.read.1.tlog
D:\Github\Tilde++\Tilde++\Tilde++\x64\Debug\link.4552.write.1.tlog
D:\Github\Tilde++\Tilde++\Tilde++\x64\Debug\link.4760-cvtres.read.1.tlog
D:\Github\Tilde++\Tilde++\Tilde++\x64\Debug\link.4760-cvtres.write.1.tlog
D:\Github\Tilde++\Tilde++\Tilde++\x64\Debug\link.4760-rc.read.1.tlog
D:\Github\Tilde++\Tilde++\Tilde++\x64\Debug\link.4760-rc.write.1.tlog
D:\Github\Tilde++\Tilde++\Tilde++\x64\Debug\link.4760.read.1.tlog
D:\Github\Tilde++\Tilde++\Tilde++\x64\Debug\link.4760.write.1.tlog
D:\Github\Tilde++\Tilde++\Tilde++\x64\Debug\link.4992-cvtres.read.1.tlog
D:\Github\Tilde++\Tilde++\Tilde++\x64\Debug\link.4992-cvtres.write.1.tlog
D:\Github\Tilde++\Tilde++\Tilde++\x64\Debug\link.4992-rc.read.1.tlog
D:\Github\Tilde++\Tilde++\Tilde++\x64\Debug\link.4992-rc.write.1.tlog
D:\Github\Tilde++\Tilde++\Tilde++\x64\Debug\link.4992.read.1.tlog
D:\Github\Tilde++\Tilde++\Tilde++\x64\Debug\link.4992.write.1.tlog
D:\Github\Tilde++\Tilde++\Tilde++\x64\Debug\link.5012-cvtres.read.1.tlog
D:\Github\Tilde++\Tilde++\Tilde++\x64\Debug\link.5012-cvtres.write.1.tlog
D:\Github\Tilde++\Tilde++\Tilde++\x64\Debug\link.5012-rc.read.1.tlog
D:\Github\Tilde++\Tilde++\Tilde++\x64\Debug\link.5012-rc.write.1.tlog
D:\Github\Tilde++\Tilde++\Tilde++\x64\Debug\link.5012.read.1.tlog
D:\Github\Tilde++\Tilde++\Tilde++\x64\Debug\link.5012.write.1.tlog
D:\Github\Tilde++\Tilde++\Tilde++\x64\Debug\link.5132-cvtres.read.1.tlog
D:\Github\Tilde++\Tilde++\Tilde++\x64\Debug\link.5132-cvtres.write.1.tlog
D:\Github\Tilde++\Tilde++\Tilde++\x64\Debug\link.5132-rc.read.1.tlog
D:\Github\Tilde++\Tilde++\Tilde++\x64\Debug\link.5132-rc.write.1.tlog
D:\Github\Tilde++\Tilde++\Tilde++\x64\Debug\link.5132.read.1.tlog
D:\Github\Tilde++\Tilde++\Tilde++\x64\Debug\link.5132.write.1.tlog
D:\Github\Tilde++\Tilde++\Tilde++\x64\Debug\link.5264-cvtres.read.1.tlog
D:\Github\Tilde++\Tilde++\Tilde++\x64\Debug\link.5264-cvtres.write.1.tlog
D:\Github\Tilde++\Tilde++\Tilde++\x64\Debug\link.5264-rc.read.1.tlog
D:\Github\Tilde++\Tilde++\Tilde++\x64\Debug\link.5264-rc.write.1.tlog
D:\Github\Tilde++\Tilde++\Tilde++\x64\Debug\link.5264.read.1.tlog
D:\Github\Tilde++\Tilde++\Tilde++\x64\Debug\link.5264.write.1.tlog
D:\Github\Tilde++\Tilde++\Tilde++\x64\Debug\link.5316-cvtres.read.1.tlog
D:\Github\Tilde++\Tilde++\Tilde++\x64\Debug\link.5316-cvtres.write.1.tlog
D:\Github\Tilde++\Tilde++\Tilde++\x64\Debug\link.5316-rc.read.1.tlog
D:\Github\Tilde++\Tilde++\Tilde++\x64\Debug\link.5316-rc.write.1.tlog
D:\Github\Tilde++\Tilde++\Tilde++\x64\Debug\link.5316.read.1.tlog
D:\Github\Tilde++\Tilde++\Tilde++\x64\Debug\link.5316.write.1.tlog
D:\Github\Tilde++\Tilde++\Tilde++\x64\Debug\link.5376-cvtres.read.1.tlog
D:\Github\Tilde++\Tilde++\Tilde++\x64\Debug\link.5376-cvtres.write.1.tlog
D:\Github\Tilde++\Tilde++\Tilde++\x64\Debug\link.5376-rc.read.1.tlog
D:\Github\Tilde++\Tilde++\Tilde++\x64\Debug\link.5376-rc.write.1.tlog
D:\Github\Tilde++\Tilde++\Tilde++\x64\Debug\link.5376.read.1.tlog
D:\Github\Tilde++\Tilde++\Tilde++\x64\Debug\link.5376.write.1.tlog
D:\Github\Tilde++\Tilde++\Tilde++\x64\Debug\link.5404-cvtres.read.1.tlog
D:\Github\Tilde++\Tilde++\Tilde++\x64\Debug\link.5404-cvtres.write.1.tlog
D:\Github\Tilde++\Tilde++\Tilde++\x64\Debug\link.5404-rc.read.1.tlog
D:\Github\Tilde++\Tilde++\Tilde++\x64\Debug\link.5404-rc.write.1.tlog
D:\Github\Tilde++\Tilde++\Tilde++\x64\Debug\link.5404.read.1.tlog
D:\Github\Tilde++\Tilde++\Tilde++\x64\Debug\link.5404.write.1.tlog
D:\Github\Tilde++\Tilde++\Tilde++\x64\Debug\link.5860-cvtres.read.1.tlog
D:\Github\Tilde++\Tilde++\Tilde++\x64\Debug\link.5860-cvtres.write.1.tlog
D:\Github\Tilde++\Tilde++\Tilde++\x64\Debug\link.5860-rc.read.1.tlog
D:\Github\Tilde++\Tilde++\Tilde++\x64\Debug\link.5860-rc.write.1.tlog
D:\Github\Tilde++\Tilde++\Tilde++\x64\Debug\link.5860.read.1.tlog
D:\Github\Tilde++\Tilde++\Tilde++\x64\Debug\link.5860.write.1.tlog
D:\Github\Tilde++\Tilde++\Tilde++\x64\Debug\link.command.1.tlog
D:\Github\Tilde++\Tilde++\Tilde++\x64\Debug\link.read.1.tlog
D:\Github\Tilde++\Tilde++\Tilde++\x64\Debug\link.write.1.tlog
D:\Github\Tilde++\Tilde++\Tilde++\x64\Debug\Tilde++.write.1.tlog
D:\Github\Tilde++\Tilde++\Tilde++\x64\Debug\vc110.idb
D:\Github\Tilde++\Tilde++\Tilde++\x64\Debug\vc110.pdb
D:\Github\Tilde++\Tilde++\x64\Debug\Tilde++.pdb
