D:\GITHUB\TILDE++\TILDE++\SHIP\X64\DEBUG\SHIP.PCH
D:\GITHUB\TILDE++\TILDE++\SHIP\X64\DEBUG\VC110.PDB
D:\GITHUB\TILDE++\TILDE++\SHIP\X64\DEBUG\STDAFX.OBJ
D:\GITHUB\TILDE++\TILDE++\SHIP\X64\DEBUG\CONFIG.OBJ
D:\GITHUB\TILDE++\TILDE++\SHIP\X64\DEBUG\SHIP.OBJ
D:\GITHUB\TILDE++\TILDE++\SHIP\X64\DEBUG\DLLMAIN.OBJ
D:\GITHUB\TILDE++\TILDE++\SHIP\X64\DEBUG\TILING.OBJ
D:\Github\Tilde++\Tilde++\x64\Debug\Ship.lib
D:\Github\Tilde++\Tilde++\x64\Debug\Ship.exp
D:\Github\Tilde++\Tilde++\Ship\x64\Debug\Config.obj
D:\Github\Tilde++\Tilde++\Ship\x64\Debug\dllmain.obj
D:\Github\Tilde++\Tilde++\Ship\x64\Debug\Ship.obj
D:\Github\Tilde++\Tilde++\Ship\x64\Debug\stdafx.obj
D:\Github\Tilde++\Tilde++\Ship\x64\Debug\Tiling.obj
D:\Github\Tilde++\Tilde++\Ship\x64\Debug\cl.command.1.tlog
D:\Github\Tilde++\Tilde++\Ship\x64\Debug\CL.read.1.tlog
D:\Github\Tilde++\Tilde++\Ship\x64\Debug\CL.write.1.tlog
D:\Github\Tilde++\Tilde++\Ship\x64\Debug\link-cvtres.read.1.tlog
D:\Github\Tilde++\Tilde++\Ship\x64\Debug\link-cvtres.write.1.tlog
D:\Github\Tilde++\Tilde++\Ship\x64\Debug\link-rc.read.1.tlog
D:\Github\Tilde++\Tilde++\Ship\x64\Debug\link-rc.write.1.tlog
D:\Github\Tilde++\Tilde++\Ship\x64\Debug\link.1964-cvtres.read.1.tlog
D:\Github\Tilde++\Tilde++\Ship\x64\Debug\link.1964-cvtres.write.1.tlog
D:\Github\Tilde++\Tilde++\Ship\x64\Debug\link.1964-rc.read.1.tlog
D:\Github\Tilde++\Tilde++\Ship\x64\Debug\link.1964-rc.write.1.tlog
D:\Github\Tilde++\Tilde++\Ship\x64\Debug\link.1964.read.1.tlog
D:\Github\Tilde++\Tilde++\Ship\x64\Debug\link.1964.write.1.tlog
D:\Github\Tilde++\Tilde++\Ship\x64\Debug\link.3148-cvtres.read.1.tlog
D:\Github\Tilde++\Tilde++\Ship\x64\Debug\link.3148-cvtres.write.1.tlog
D:\Github\Tilde++\Tilde++\Ship\x64\Debug\link.3148-rc.read.1.tlog
D:\Github\Tilde++\Tilde++\Ship\x64\Debug\link.3148-rc.write.1.tlog
D:\Github\Tilde++\Tilde++\Ship\x64\Debug\link.3148.read.1.tlog
D:\Github\Tilde++\Tilde++\Ship\x64\Debug\link.3148.write.1.tlog
D:\Github\Tilde++\Tilde++\Ship\x64\Debug\link.3512-cvtres.read.1.tlog
D:\Github\Tilde++\Tilde++\Ship\x64\Debug\link.3512-cvtres.write.1.tlog
D:\Github\Tilde++\Tilde++\Ship\x64\Debug\link.3512-rc.read.1.tlog
D:\Github\Tilde++\Tilde++\Ship\x64\Debug\link.3512-rc.write.1.tlog
D:\Github\Tilde++\Tilde++\Ship\x64\Debug\link.3512.read.1.tlog
D:\Github\Tilde++\Tilde++\Ship\x64\Debug\link.3512.write.1.tlog
D:\Github\Tilde++\Tilde++\Ship\x64\Debug\link.3588-cvtres.read.1.tlog
D:\Github\Tilde++\Tilde++\Ship\x64\Debug\link.3588-cvtres.write.1.tlog
D:\Github\Tilde++\Tilde++\Ship\x64\Debug\link.3588-rc.read.1.tlog
D:\Github\Tilde++\Tilde++\Ship\x64\Debug\link.3588-rc.write.1.tlog
D:\Github\Tilde++\Tilde++\Ship\x64\Debug\link.3588.read.1.tlog
D:\Github\Tilde++\Tilde++\Ship\x64\Debug\link.3588.write.1.tlog
D:\Github\Tilde++\Tilde++\Ship\x64\Debug\link.3920-cvtres.read.1.tlog
D:\Github\Tilde++\Tilde++\Ship\x64\Debug\link.3920-cvtres.write.1.tlog
D:\Github\Tilde++\Tilde++\Ship\x64\Debug\link.3920-rc.read.1.tlog
D:\Github\Tilde++\Tilde++\Ship\x64\Debug\link.3920-rc.write.1.tlog
D:\Github\Tilde++\Tilde++\Ship\x64\Debug\link.3920.read.1.tlog
D:\Github\Tilde++\Tilde++\Ship\x64\Debug\link.3920.write.1.tlog
D:\Github\Tilde++\Tilde++\Ship\x64\Debug\link.4376-cvtres.read.1.tlog
D:\Github\Tilde++\Tilde++\Ship\x64\Debug\link.4376-cvtres.write.1.tlog
D:\Github\Tilde++\Tilde++\Ship\x64\Debug\link.4376-rc.read.1.tlog
D:\Github\Tilde++\Tilde++\Ship\x64\Debug\link.4376-rc.write.1.tlog
D:\Github\Tilde++\Tilde++\Ship\x64\Debug\link.4376.read.1.tlog
D:\Github\Tilde++\Tilde++\Ship\x64\Debug\link.4376.write.1.tlog
D:\Github\Tilde++\Tilde++\Ship\x64\Debug\link.4908-cvtres.read.1.tlog
D:\Github\Tilde++\Tilde++\Ship\x64\Debug\link.4908-cvtres.write.1.tlog
D:\Github\Tilde++\Tilde++\Ship\x64\Debug\link.4908-rc.read.1.tlog
D:\Github\Tilde++\Tilde++\Ship\x64\Debug\link.4908-rc.write.1.tlog
D:\Github\Tilde++\Tilde++\Ship\x64\Debug\link.4908.read.1.tlog
D:\Github\Tilde++\Tilde++\Ship\x64\Debug\link.4908.write.1.tlog
D:\Github\Tilde++\Tilde++\Ship\x64\Debug\link.5856-cvtres.read.1.tlog
D:\Github\Tilde++\Tilde++\Ship\x64\Debug\link.5856-cvtres.write.1.tlog
D:\Github\Tilde++\Tilde++\Ship\x64\Debug\link.5856-rc.read.1.tlog
D:\Github\Tilde++\Tilde++\Ship\x64\Debug\link.5856-rc.write.1.tlog
D:\Github\Tilde++\Tilde++\Ship\x64\Debug\link.5856.read.1.tlog
D:\Github\Tilde++\Tilde++\Ship\x64\Debug\link.5856.write.1.tlog
D:\Github\Tilde++\Tilde++\Ship\x64\Debug\link.724-cvtres.read.1.tlog
D:\Github\Tilde++\Tilde++\Ship\x64\Debug\link.724-cvtres.write.1.tlog
D:\Github\Tilde++\Tilde++\Ship\x64\Debug\link.724-rc.read.1.tlog
D:\Github\Tilde++\Tilde++\Ship\x64\Debug\link.724-rc.write.1.tlog
D:\Github\Tilde++\Tilde++\Ship\x64\Debug\link.724.read.1.tlog
D:\Github\Tilde++\Tilde++\Ship\x64\Debug\link.724.write.1.tlog
D:\Github\Tilde++\Tilde++\Ship\x64\Debug\link.command.1.tlog
D:\Github\Tilde++\Tilde++\Ship\x64\Debug\link.read.1.tlog
D:\Github\Tilde++\Tilde++\Ship\x64\Debug\link.write.1.tlog
D:\Github\Tilde++\Tilde++\Ship\x64\Debug\Ship.write.1.tlog
D:\Github\Tilde++\Tilde++\Ship\x64\Debug\Ship.pch
D:\Github\Tilde++\Tilde++\Ship\x64\Debug\vc110.idb
D:\Github\Tilde++\Tilde++\Ship\x64\Debug\vc110.pdb
D:\Github\Tilde++\Tilde++\x64\Debug\Ship.pdb
