D:\GITHUB\TILDE++\TILDE++\LIBDE++\X64\RELEASE\WINDOW.OBJ
D:\GITHUB\TILDE++\TILDE++\LIBDE++\X64\RELEASE\DLLMAIN.OBJ
D:\GITHUB\TILDE++\TILDE++\LIBDE++\X64\RELEASE\LIBDE++.PCH
D:\GITHUB\TILDE++\TILDE++\LIBDE++\X64\RELEASE\STDAFX.OBJ
D:\GITHUB\TILDE++\TILDE++\LIBDE++\X64\RELEASE\VC110.PDB
D:\GITHUB\TILDE++\TILDE++\LIBDE++\X64\RELEASE\MONITOR.OBJ
D:\GITHUB\TILDE++\TILDE++\LIBDE++\X64\RELEASE\CONFIG.OBJ
D:\GITHUB\TILDE++\TILDE++\X64\RELEASE\LIBDE++.LIB
D:\Github\Tilde++\Tilde++\x64\Release\Libde++.lib
D:\Github\Tilde++\Tilde++\x64\Release\Libde++.exp
D:\GITHUB\TILDE++\TILDE++\X64\RELEASE\LIBDE++.DLL
D:\GITHUB\TILDE++\TILDE++\X64\RELEASE\LIBDE++.PDB
D:\Github\Tilde++\Tilde++\Libde++\x64\Release\Config.obj
D:\Github\Tilde++\Tilde++\Libde++\x64\Release\dllmain.obj
D:\Github\Tilde++\Tilde++\Libde++\x64\Release\Monitor.obj
D:\Github\Tilde++\Tilde++\Libde++\x64\Release\stdafx.obj
D:\Github\Tilde++\Tilde++\Libde++\x64\Release\Window.obj
D:\Github\Tilde++\Tilde++\Libde++\x64\Release\cl.command.1.tlog
D:\Github\Tilde++\Tilde++\Libde++\x64\Release\CL.read.1.tlog
D:\Github\Tilde++\Tilde++\Libde++\x64\Release\CL.write.1.tlog
D:\Github\Tilde++\Tilde++\Libde++\x64\Release\Lib-link.read.1.tlog
D:\Github\Tilde++\Tilde++\Libde++\x64\Release\Lib-link.write.1.tlog
D:\Github\Tilde++\Tilde++\Libde++\x64\Release\lib.command.1.tlog
D:\Github\Tilde++\Tilde++\Libde++\x64\Release\Lib.read.1.tlog
D:\Github\Tilde++\Tilde++\Libde++\x64\Release\Libde++.write.1.tlog
D:\Github\Tilde++\Tilde++\Libde++\x64\Release\link-cvtres.read.1.tlog
D:\Github\Tilde++\Tilde++\Libde++\x64\Release\link-cvtres.write.1.tlog
D:\Github\Tilde++\Tilde++\Libde++\x64\Release\link-rc.read.1.tlog
D:\Github\Tilde++\Tilde++\Libde++\x64\Release\link-rc.write.1.tlog
D:\Github\Tilde++\Tilde++\Libde++\x64\Release\link.command.1.tlog
D:\Github\Tilde++\Tilde++\Libde++\x64\Release\link.read.1.tlog
D:\Github\Tilde++\Tilde++\Libde++\x64\Release\link.write.1.tlog
D:\Github\Tilde++\Tilde++\Libde++\x64\Release\Libde++.pch
D:\Github\Tilde++\Tilde++\Libde++\x64\Release\vc110.pdb
D:\Github\Tilde++\Tilde++\x64\Release\Libde++.pdb
D:\Github\Tilde++\Tilde++\x64\Release\Libde++.dll
