Build started 21/01/2014 20:35:40.
     1>Project "D:\Github\Tilde++\Tilde++\Libde++\Libde++.vcxproj" on node 2 (Build target(s)).
     1>ClCompile:
         C:\Program Files (x86)\Microsoft Visual Studio 11.0\VC\bin\x86_amd64\CL.exe /c /Zi /nologo /W3 /WX- /sdl /O2 /Oi /GL /D WIN32 /D NDEBUG /D _LIB /D _WINDLL /D _UNICODE /D UNICODE /UDEBUGENABLED /Gm- /EHsc /MD /GS /Gy /fp:precise /Zc:wchar_t /Zc:forScope /Yc"stdafx.h" /Fp"x64\Release\Libde++.pch" /Fo"x64\Release\\" /Fd"x64\Release\vc110.pdb" /Gd /TP /errorReport:prompt stdafx.cpp
         stdafx.cpp
         C:\Program Files (x86)\Microsoft Visual Studio 11.0\VC\bin\x86_amd64\CL.exe /c /Zi /nologo /W3 /WX- /sdl /O2 /Oi /GL /D WIN32 /D NDEBUG /D _LIB /D _WINDLL /D _UNICODE /D UNICODE /UDEBUGENABLED /Gm- /EHsc /MD /GS /Gy /fp:precise /Zc:wchar_t /Zc:forScope /Yu"stdafx.h" /Fp"x64\Release\Libde++.pch" /Fo"x64\Release\\" /Fd"x64\Release\vc110.pdb" /Gd /TP /errorReport:prompt Config.cpp dllmain.cpp Monitor.cpp Window.cpp
         Config.cpp
         dllmain.cpp
         Monitor.cpp
         Window.cpp
       Link:
         C:\Program Files (x86)\Microsoft Visual Studio 11.0\VC\bin\x86_amd64\link.exe /ERRORREPORT:PROMPT /OUT:"D:\Github\Tilde++\Tilde++\x64\Release\Libde++.dll" /NOLOGO kernel32.lib user32.lib gdi32.lib winspool.lib comdlg32.lib advapi32.lib shell32.lib ole32.lib oleaut32.lib uuid.lib odbc32.lib odbccp32.lib /MANIFEST /MANIFESTUAC:"level='asInvoker' uiAccess='false'" /manifest:embed /DEBUG /PDB:"D:\Github\Tilde++\Tilde++\x64\Release\Libde++.pdb" /SUBSYSTEM:WINDOWS /OPT:REF /OPT:ICF /LTCG /TLBID:1 /DYNAMICBASE /NXCOMPAT /IMPLIB:"D:\Github\Tilde++\Tilde++\x64\Release\Libde++.lib" /MACHINE:X64 /DLL x64\Release\Config.obj
         x64\Release\dllmain.obj
         x64\Release\Monitor.obj
         x64\Release\stdafx.obj
         x64\Release\Window.obj
            Creating library D:\Github\Tilde++\Tilde++\x64\Release\Libde++.lib and object D:\Github\Tilde++\Tilde++\x64\Release\Libde++.exp
         Generating code
         Finished generating code
         Libde++.vcxproj -> D:\Github\Tilde++\Tilde++\x64\Release\Libde++.dll
     1>Done Building Project "D:\Github\Tilde++\Tilde++\Libde++\Libde++.vcxproj" (Build target(s)).

Build succeeded.

Time Elapsed 00:00:02.73
