D:\GITHUB\TILDE++\TILDE++\SHIP\X64\RELEASE\UPDATE.OBJ
D:\GITHUB\TILDE++\TILDE++\SHIP\X64\RELEASE\TILING.OBJ
D:\GITHUB\TILDE++\TILDE++\SHIP\X64\RELEASE\SHIP.OBJ
D:\GITHUB\TILDE++\TILDE++\SHIP\X64\RELEASE\MONITORS.OBJ
D:\GITHUB\TILDE++\TILDE++\SHIP\X64\RELEASE\CONFIG.OBJ
D:\GITHUB\TILDE++\TILDE++\SHIP\X64\RELEASE\VC110.PDB
D:\GITHUB\TILDE++\TILDE++\SHIP\X64\RELEASE\SHIP.PCH
D:\GITHUB\TILDE++\TILDE++\SHIP\X64\RELEASE\STDAFX.OBJ
D:\GITHUB\TILDE++\TILDE++\SHIP\X64\RELEASE\DLLMAIN.OBJ
D:\GITHUB\TILDE++\TILDE++\X64\RELEASE\SHIP.DLL
D:\GITHUB\TILDE++\TILDE++\X64\RELEASE\SHIP.PDB
D:\Github\Tilde++\Tilde++\x64\Release\Ship.lib
D:\Github\Tilde++\Tilde++\x64\Release\Ship.exp
D:\Github\Tilde++\Tilde++\Ship\x64\Release\Config.obj
D:\Github\Tilde++\Tilde++\Ship\x64\Release\dllmain.obj
D:\Github\Tilde++\Tilde++\Ship\x64\Release\Monitors.obj
D:\Github\Tilde++\Tilde++\Ship\x64\Release\Ship.obj
D:\Github\Tilde++\Tilde++\Ship\x64\Release\stdafx.obj
D:\Github\Tilde++\Tilde++\Ship\x64\Release\Tiling.obj
D:\Github\Tilde++\Tilde++\Ship\x64\Release\Update.obj
D:\Github\Tilde++\Tilde++\Ship\x64\Release\cl.command.1.tlog
D:\Github\Tilde++\Tilde++\Ship\x64\Release\CL.read.1.tlog
D:\Github\Tilde++\Tilde++\Ship\x64\Release\CL.write.1.tlog
D:\Github\Tilde++\Tilde++\Ship\x64\Release\link-cvtres.read.1.tlog
D:\Github\Tilde++\Tilde++\Ship\x64\Release\link-cvtres.write.1.tlog
D:\Github\Tilde++\Tilde++\Ship\x64\Release\link-rc.read.1.tlog
D:\Github\Tilde++\Tilde++\Ship\x64\Release\link-rc.write.1.tlog
D:\Github\Tilde++\Tilde++\Ship\x64\Release\link.command.1.tlog
D:\Github\Tilde++\Tilde++\Ship\x64\Release\link.read.1.tlog
D:\Github\Tilde++\Tilde++\Ship\x64\Release\link.read.3.tlog
D:\Github\Tilde++\Tilde++\Ship\x64\Release\link.write.1.tlog
D:\Github\Tilde++\Tilde++\Ship\x64\Release\Ship.write.1.tlog
D:\Github\Tilde++\Tilde++\Ship\x64\Release\Ship.pch
D:\Github\Tilde++\Tilde++\Ship\x64\Release\vc110.pdb
D:\Github\Tilde++\Tilde++\x64\Release\Ship.pdb
D:\Github\Tilde++\Tilde++\x64\Release\Ship.dll
