D:\GITHUB\TILDE++\TILDE++\HALVES\X64\DEBUG\HALVES.PCH
D:\GITHUB\TILDE++\TILDE++\HALVES\X64\DEBUG\STDAFX.OBJ
D:\GITHUB\TILDE++\TILDE++\HALVES\X64\DEBUG\VC110.PDB
D:\GITHUB\TILDE++\TILDE++\HALVES\X64\DEBUG\DLLMAIN.OBJ
D:\GITHUB\TILDE++\TILDE++\HALVES\X64\DEBUG\HALVES.OBJ
D:\GITHUB\TILDE++\TILDE++\HALVES\X64\DEBUG\TILING.OBJ
D:\GITHUB\TILDE++\TILDE++\HALVES\X64\DEBUG\UPDATE.OBJ
D:\Github\Tilde++\Tilde++\x64\Debug\Halves.lib
D:\Github\Tilde++\Tilde++\x64\Debug\Halves.exp
D:\GITHUB\TILDE++\TILDE++\X64\DEBUG\HALVES.ILK
D:\GITHUB\TILDE++\TILDE++\X64\DEBUG\HALVES.DLL
D:\GITHUB\TILDE++\TILDE++\X64\DEBUG\HALVES.PDB
D:\Github\Tilde++\Tilde++\Halves\x64\Debug\dllmain.obj
D:\Github\Tilde++\Tilde++\Halves\x64\Debug\Halves.obj
D:\Github\Tilde++\Tilde++\Halves\x64\Debug\stdafx.obj
D:\Github\Tilde++\Tilde++\Halves\x64\Debug\Tiling.obj
D:\Github\Tilde++\Tilde++\Halves\x64\Debug\Update.obj
D:\Github\Tilde++\Tilde++\Halves\x64\Debug\cl.command.1.tlog
D:\Github\Tilde++\Tilde++\Halves\x64\Debug\CL.read.1.tlog
D:\Github\Tilde++\Tilde++\Halves\x64\Debug\CL.write.1.tlog
D:\Github\Tilde++\Tilde++\Halves\x64\Debug\Halves.write.1.tlog
D:\Github\Tilde++\Tilde++\Halves\x64\Debug\link-cvtres.read.1.tlog
D:\Github\Tilde++\Tilde++\Halves\x64\Debug\link-cvtres.write.1.tlog
D:\Github\Tilde++\Tilde++\Halves\x64\Debug\link-rc.read.1.tlog
D:\Github\Tilde++\Tilde++\Halves\x64\Debug\link-rc.write.1.tlog
D:\Github\Tilde++\Tilde++\Halves\x64\Debug\link.command.1.tlog
D:\Github\Tilde++\Tilde++\Halves\x64\Debug\link.read.1.tlog
D:\Github\Tilde++\Tilde++\Halves\x64\Debug\link.write.1.tlog
D:\Github\Tilde++\Tilde++\Halves\x64\Debug\Halves.pch
D:\Github\Tilde++\Tilde++\Halves\x64\Debug\vc110.idb
D:\Github\Tilde++\Tilde++\Halves\x64\Debug\vc110.pdb
D:\Github\Tilde++\Tilde++\x64\Debug\Halves.pdb
D:\Github\Tilde++\Tilde++\x64\Debug\Halves.dll
D:\Github\Tilde++\Tilde++\x64\Debug\Halves.ilk
