Build started 01/02/2014 22:39:07.
     1>Project "D:\Github\Tilde++\Tilde++\Tilde++\Tilde++.vcxproj" on node 2 (Rebuild target(s)).
     1>ClCompile:
         C:\Program Files (x86)\Microsoft Visual Studio 11.0\VC\bin\x86_amd64\CL.exe /c /Zi /nologo /W3 /WX- /O2 /Oi /GL /D WIN32 /D NDEBUG /D _WINDOWS /D _UNICODE /D UNICODE /UDEBUGENABLED /Gm- /EHsc /MD /GS /Gy /fp:precise /Zc:wchar_t /Zc:forScope /Fo"x64\Release\\" /Fd"x64\Release\vc110.pdb" /Gd /TP /errorReport:prompt main.cpp Taskbar.cpp TildePlusPlus.cpp Vars.cpp
         main.cpp
     1>main.cpp(59): warning C4244: 'argument' : conversion from 'WPARAM' to 'int', possible loss of data
     1>main.cpp(63): warning C4244: 'argument' : conversion from 'WPARAM' to 'int', possible loss of data
     1>main.cpp(67): warning C4244: 'argument' : conversion from 'WPARAM' to 'int', possible loss of data
     1>main.cpp(78): warning C4065: switch statement contains 'default' but no 'case' labels
     1>main.cpp(18): warning C4101: 'rect' : unreferenced local variable
     1>main.cpp(136): warning C4267: '=' : conversion from 'size_t' to 'int', possible loss of data
     1>main.cpp(140): warning C4996: 'sprintf': This function or variable may be unsafe. Consider using sprintf_s instead. To disable deprecation, use _CRT_SECURE_NO_WARNINGS. See online help for details.
                 C:\Program Files (x86)\Microsoft Visual Studio 11.0\VC\include\stdio.h(357) : see declaration of 'sprintf'
     1>main.cpp(141): warning C4002: too many actual parameters for macro 'idbgmsg'
     1>main.cpp(142): warning C4002: too many actual parameters for macro 'idbgmsg'
         Taskbar.cpp
     1>Taskbar.cpp(123): warning C4244: 'argument' : conversion from 'int' to 'Gdiplus::REAL', possible loss of data
     1>Taskbar.cpp(125): warning C4267: 'initializing' : conversion from 'size_t' to 'int', possible loss of data
     1>Taskbar.cpp(132): warning C4267: 'initializing' : conversion from 'size_t' to 'int', possible loss of data
     1>Taskbar.cpp(133): warning C4244: '=' : conversion from 'int' to 'Gdiplus::REAL', possible loss of data
     1>Taskbar.cpp(134): warning C4244: '=' : conversion from 'int' to 'Gdiplus::REAL', possible loss of data
         TildePlusPlus.cpp
         Vars.cpp
       Link:
         C:\Program Files (x86)\Microsoft Visual Studio 11.0\VC\bin\x86_amd64\link.exe /ERRORREPORT:PROMPT /OUT:"D:\Github\Tilde++\Tilde++\x64\Release\Tilde++.exe" /INCREMENTAL:NO /NOLOGO ..\x64\Release\libde++.lib kernel32.lib user32.lib gdi32.lib winspool.lib comdlg32.lib advapi32.lib shell32.lib ole32.lib oleaut32.lib uuid.lib odbc32.lib odbccp32.lib kernel32.lib user32.lib gdi32.lib winspool.lib comdlg32.lib advapi32.lib shell32.lib ole32.lib oleaut32.lib uuid.lib odbc32.lib odbccp32.lib /MANIFEST /MANIFESTUAC:"level='asInvoker' uiAccess='false'" /manifest:embed /DEBUG /PDB:"D:\Github\Tilde++\Tilde++\x64\Release\Tilde++.pdb" /SUBSYSTEM:CONSOLE /OPT:REF /OPT:ICF /LTCG /TLBID:1 /DYNAMICBASE /NXCOMPAT /IMPLIB:"D:\Github\Tilde++\Tilde++\x64\Release\Tilde++.lib" /MACHINE:X64 x64\Release\main.obj
         x64\Release\Taskbar.obj
         x64\Release\TildePlusPlus.obj
         x64\Release\Vars.obj
         Generating code
         Finished generating code
         Tilde++.vcxproj -> D:\Github\Tilde++\Tilde++\x64\Release\Tilde++.exe
     1>Done Building Project "D:\Github\Tilde++\Tilde++\Tilde++\Tilde++.vcxproj" (Rebuild target(s)).

Build succeeded.

Time Elapsed 00:00:04.73
