D:\GITHUB\TILDE++\TILDE++\HALVES\X64\RELEASE\HALVES.PCH
D:\GITHUB\TILDE++\TILDE++\HALVES\X64\RELEASE\STDAFX.OBJ
D:\GITHUB\TILDE++\TILDE++\HALVES\X64\RELEASE\VC110.PDB
D:\GITHUB\TILDE++\TILDE++\HALVES\X64\RELEASE\UPDATE.OBJ
D:\GITHUB\TILDE++\TILDE++\HALVES\X64\RELEASE\TILING.OBJ
D:\GITHUB\TILDE++\TILDE++\HALVES\X64\RELEASE\HALVES.OBJ
D:\GITHUB\TILDE++\TILDE++\HALVES\X64\RELEASE\DLLMAIN.OBJ
D:\Github\Tilde++\Tilde++\x64\Release\Halves.lib
D:\Github\Tilde++\Tilde++\x64\Release\Halves.exp
D:\GITHUB\TILDE++\TILDE++\X64\RELEASE\HALVES.DLL
D:\GITHUB\TILDE++\TILDE++\X64\RELEASE\HALVES.PDB
D:\Github\Tilde++\Tilde++\Halves\x64\Release\dllmain.obj
D:\Github\Tilde++\Tilde++\Halves\x64\Release\Halves.obj
D:\Github\Tilde++\Tilde++\Halves\x64\Release\stdafx.obj
D:\Github\Tilde++\Tilde++\Halves\x64\Release\Tiling.obj
D:\Github\Tilde++\Tilde++\Halves\x64\Release\Update.obj
D:\Github\Tilde++\Tilde++\Halves\x64\Release\cl.command.1.tlog
D:\Github\Tilde++\Tilde++\Halves\x64\Release\CL.read.1.tlog
D:\Github\Tilde++\Tilde++\Halves\x64\Release\CL.write.1.tlog
D:\Github\Tilde++\Tilde++\Halves\x64\Release\Halves.write.1.tlog
D:\Github\Tilde++\Tilde++\Halves\x64\Release\link-cvtres.read.1.tlog
D:\Github\Tilde++\Tilde++\Halves\x64\Release\link-cvtres.write.1.tlog
D:\Github\Tilde++\Tilde++\Halves\x64\Release\link-rc.read.1.tlog
D:\Github\Tilde++\Tilde++\Halves\x64\Release\link-rc.write.1.tlog
D:\Github\Tilde++\Tilde++\Halves\x64\Release\link.command.1.tlog
D:\Github\Tilde++\Tilde++\Halves\x64\Release\link.read.1.tlog
D:\Github\Tilde++\Tilde++\Halves\x64\Release\link.write.1.tlog
D:\Github\Tilde++\Tilde++\Halves\x64\Release\Halves.pch
D:\Github\Tilde++\Tilde++\Halves\x64\Release\vc110.pdb
D:\Github\Tilde++\Tilde++\x64\Release\Halves.pdb
D:\Github\Tilde++\Tilde++\x64\Release\Halves.dll
